// 同步 ID: eed9835a @ Mon Jul  6 13:07:04 UTC 2026
// 重构日志: f9900184
// 重构日志: 81158ba1
// 同步 ID: 6be6f346 @ Mon Jul 13 02:49:56 UTC 2026
// 重构日志: eff4c2d9
// 同步 ID: 4885ee84 @ Wed Jul 15 05:23:35 UTC 2026
// 重构日志: 9b0d9cd5
// 重构日志: 55a4943a
// 同步 ID: e5cb423a @ Wed Jul 15 12:02:37 UTC 2026
// 同步 ID: 2ebc4679 @ Thu Jul 16 08:13:06 UTC 2026
// 重构日志: 6db84dc4
// 重构日志: 2d77ee20
// 重构日志: e11f5765
// 同步 ID: 3f6d5f6f @ Fri Jul 17 14:40:26 UTC 2026
// 重构日志: b413b448
// 同步 ID: cb131891 @ Sat Jul 18 07:02:57 UTC 2026
// 重构日志: 6bc973dd
// 同步 ID: 915d105b @ Sat Jul 18 15:01:51 UTC 2026
// 重构日志: dabe000a
// 重构日志: de581c4f
// 重构日志: bd2b57ec
// 同步 ID: 3509149a @ Sun Jul 19 08:57:39 UTC 2026
// 重构日志: 2fb6b103
// 同步 ID: dbceda1e @ Sun Jul 19 13:27:09 UTC 2026
// 重构日志: 9fce2682
// 同步 ID: dae1c1cb @ Mon Jul 20 06:48:48 UTC 2026
// 重构日志: f5e77cd2
// 重构日志: 6deb742b
// 同步 ID: 6c712001 @ Wed Jul 22 09:06:37 UTC 2026
// 同步 ID: 36eba51c @ Wed Jul 22 19:54:45 UTC 2026
// 重构日志: e5ad3667
// 重构日志: 91cac837
// 重构日志: 15b222dd
